"C:/Users/dandk/Documents/GitHub/Repositories/FPSProject/Content/Characters/Player/Settings/STR_PlayerMovementSpeedSettings.uasset" 0
"C:/Users/dandk/Documents/GitHub/Repositories/FPSProject/Content/Characters/Player/Settings/STR_PlayerMovementSpeedSettings.uexp" 1
"C:/Users/dandk/Documents/GitHub/Repositories/FPSProject/Content/Characters/Player/Settings/STR_PlayerMovementSettings.uasset" 2
"C:/Users/dandk/Documents/GitHub/Repositories/FPSProject/Content/Characters/Player/Settings/STR_PlayerMovementSettings.uexp" 3
"C:/Users/dandk/Documents/GitHub/Repositories/FPSProject/Content/Characters/Player/Settings/STR_PlayerSettings.uasset" 4
"C:/Users/dandk/Documents/GitHub/Repositories/FPSProject/Content/Characters/Player/Settings/STR_PlayerSettings.uexp" 5
"C:/Users/dandk/Documents/GitHub/Repositories/FPSProject/Content/Blueprints/Enumerations/Debug/ENUM_Debug_InventoryType.uasset" 6
"C:/Users/dandk/Documents/GitHub/Repositories/FPSProject/Content/Blueprints/Enumerations/Debug/ENUM_Debug_InventoryType.uexp" 7
"C:/Users/dandk/Documents/GitHub/Repositories/FPSProject/Content/GameplayLogic/BlueprintInterfaces/BPI_Pickable.uasset" 8
"C:/Users/dandk/Documents/GitHub/Repositories/FPSProject/Content/GameplayLogic/BlueprintInterfaces/BPI_Pickable.uexp" 9
"C:/Users/dandk/Documents/GitHub/Repositories/FPSProject/Content/GameplayLogic/BlueprintInterfaces/BPI_Interactable.uasset" 10
"C:/Users/dandk/Documents/GitHub/Repositories/FPSProject/Content/GameplayLogic/BlueprintInterfaces/BPI_Interactable.uexp" 11
"C:/Users/dandk/Documents/GitHub/Repositories/FPSProject/Content/Blueprints/World/BP_BaseActor.uasset" 12
"C:/Users/dandk/Documents/GitHub/Repositories/FPSProject/Content/Blueprints/World/BP_BaseActor.uexp" 13
"../../../Engine/Content/EngineMaterials/T_Default_Material_Grid_N.uasset" 14
"../../../Engine/Content/EngineMaterials/T_Default_Material_Grid_N.uexp" 15
"../../../Engine/Content/EngineMaterials/T_Default_Material_Grid_N.ubulk" 16
"../../../Engine/Content/EngineMaterials/T_Default_Material_Grid_M.uasset" 17
"../../../Engine/Content/EngineMaterials/T_Default_Material_Grid_M.uexp" 18
"../../../Engine/Content/EngineMaterials/T_Default_Material_Grid_M.ubulk" 19
"../../../Engine/Content/Functions/Engine_MaterialFunctions01/Opacity/CameraDepthFade.uasset" 20
"../../../Engine/Content/Functions/Engine_MaterialFunctions01/Opacity/CameraDepthFade.uexp" 21
"../../../Engine/Content/EngineMaterials/WorldGridMaterial.uasset" 22
"../../../Engine/Content/EngineMaterials/WorldGridMaterial.uexp" 23
"../../../Engine/Content/BasicShapes/Cube.uasset" 24
"../../../Engine/Content/BasicShapes/Cube.uexp" 25
"C:/Users/dandk/Documents/GitHub/Repositories/FPSProject/Content/Blueprints/Structures/STR_Item_Settings.uasset" 26
"C:/Users/dandk/Documents/GitHub/Repositories/FPSProject/Content/Blueprints/Structures/STR_Item_Settings.uexp" 27
"C:/Users/dandk/Documents/GitHub/Repositories/FPSProject/Content/Blueprints/World/Items/BP_BaseItem.uasset" 28
"C:/Users/dandk/Documents/GitHub/Repositories/FPSProject/Content/Blueprints/World/Items/BP_BaseItem.uexp" 29
"C:/Users/dandk/Documents/GitHub/Repositories/FPSProject/Content/Blueprints/Components/BP_InventoryComponent.uasset" 30
"C:/Users/dandk/Documents/GitHub/Repositories/FPSProject/Content/Blueprints/Components/BP_InventoryComponent.uexp" 31
"C:/Users/dandk/Documents/GitHub/Repositories/FPSProject/Content/Characters/BP_BaseCharacter.uasset" 32
"C:/Users/dandk/Documents/GitHub/Repositories/FPSProject/Content/Characters/BP_BaseCharacter.uexp" 33
"C:/Users/dandk/Documents/GitHub/Repositories/FPSProject/Content/Characters/Player/BP_Player.uasset" 34
"C:/Users/dandk/Documents/GitHub/Repositories/FPSProject/Content/Characters/Player/BP_Player.uexp" 35
"C:/Users/dandk/Documents/GitHub/Repositories/FPSProject/Content/GameplayLogic/Gamemodes/BP_IngameGamemode.uasset" 36
"C:/Users/dandk/Documents/GitHub/Repositories/FPSProject/Content/GameplayLogic/Gamemodes/BP_IngameGamemode.uexp" 37
"../../../Engine/Content/ArtTools/RenderToTexture/Meshes/S_1_Unit_Plane.uasset" 38
"../../../Engine/Content/ArtTools/RenderToTexture/Meshes/S_1_Unit_Plane.uexp" 39
"../../../Engine/Content/EngineMaterials/DefaultMaterial.uasset" 40
"../../../Engine/Content/EngineMaterials/DefaultMaterial.uexp" 41
"../../../Engine/Content/BasicShapes/Cone.uasset" 42
"../../../Engine/Content/BasicShapes/Cone.uexp" 43
"../../../Engine/Content/BasicShapes/Plane.uasset" 44
"../../../Engine/Content/BasicShapes/Plane.uexp" 45
"../../../Engine/Content/BasicShapes/Sphere.uasset" 46
"../../../Engine/Content/BasicShapes/Sphere.uexp" 47
"../../../Engine/Content/EngineDamageTypes/DmgTypeBP_Environmental.uasset" 48
"../../../Engine/Content/EngineDamageTypes/DmgTypeBP_Environmental.uexp" 49
"../../../Engine/Content/EngineDebugMaterials/DebugEditorMaterial.uasset" 50
"../../../Engine/Content/EngineDebugMaterials/DebugEditorMaterial.uexp" 51
"../../../Engine/Content/EngineDebugMaterials/DebugMeshMaterial.uasset" 52
"../../../Engine/Content/EngineDebugMaterials/DebugMeshMaterial.uexp" 53
"../../../Engine/Content/EngineDebugMaterials/M_SimpleUnlitTranslucent.uasset" 54
"../../../Engine/Content/EngineDebugMaterials/M_SimpleUnlitTranslucent.uexp" 55
"../../../Engine/Content/EngineDebugMaterials/VolumeToRender.uasset" 56
"../../../Engine/Content/EngineDebugMaterials/VolumeToRender.uexp" 57
"../../../Engine/Content/Functions/Engine_MaterialFunctions02/Utility/CameraDirectionVector.uasset" 58
"../../../Engine/Content/Functions/Engine_MaterialFunctions02/Utility/CameraDirectionVector.uexp" 59
"../../../Engine/Content/EngineDebugMaterials/M_VolumeRenderSphereTracePP.uasset" 60
"../../../Engine/Content/EngineDebugMaterials/M_VolumeRenderSphereTracePP.uexp" 61
"../../../Engine/Content/Functions/Engine_MaterialFunctions01/Shading/ConvertFromDiffSpec.uasset" 62
"../../../Engine/Content/Functions/Engine_MaterialFunctions01/Shading/ConvertFromDiffSpec.uexp" 63
"../../../Engine/Content/EngineDebugMaterials/VertexColorMaterial.uasset" 64
"../../../Engine/Content/EngineDebugMaterials/VertexColorMaterial.uexp" 65
"../../../Engine/Content/EngineDebugMaterials/WireframeMaterial.uasset" 66
"../../../Engine/Content/EngineDebugMaterials/WireframeMaterial.uexp" 67
"../../../Engine/Content/EngineFonts/Faces/RobotoRegular.uasset" 68
"../../../Engine/Content/EngineFonts/Faces/RobotoRegular.uexp" 69
"../../../Engine/Content/EngineFonts/Faces/RobotoRegular.ufont" 70
"../../../Engine/Content/EngineFonts/Faces/RobotoLight.uasset" 71
"../../../Engine/Content/EngineFonts/Faces/RobotoLight.uexp" 72
"../../../Engine/Content/EngineFonts/Faces/RobotoLight.ufont" 73
"../../../Engine/Content/EngineFonts/Faces/RobotoItalic.uasset" 74
"../../../Engine/Content/EngineFonts/Faces/RobotoItalic.uexp" 75
"../../../Engine/Content/EngineFonts/Faces/RobotoItalic.ufont" 76
"../../../Engine/Content/EngineFonts/Faces/RobotoBoldItalic.uasset" 77
"../../../Engine/Content/EngineFonts/Faces/RobotoBoldItalic.uexp" 78
"../../../Engine/Content/EngineFonts/Faces/RobotoBoldItalic.ufont" 79
"../../../Engine/Content/EngineFonts/Faces/RobotoBold.uasset" 80
"../../../Engine/Content/EngineFonts/Faces/RobotoBold.uexp" 81
"../../../Engine/Content/EngineFonts/Faces/RobotoBold.ufont" 82
"../../../Engine/Content/EngineFonts/Faces/DroidSansFallback.uasset" 83
"../../../Engine/Content/EngineFonts/Faces/DroidSansFallback.uexp" 84
"../../../Engine/Content/EngineFonts/Faces/DroidSansFallback.ufont" 85
"../../../Engine/Content/EngineFonts/Roboto.uasset" 86
"../../../Engine/Content/EngineFonts/Roboto.uexp" 87
"../../../Engine/Content/EngineMaterials/BaseFlattenNormalMap.uasset" 88
"../../../Engine/Content/EngineMaterials/BaseFlattenNormalMap.uexp" 89
"../../../Engine/Content/EngineMaterials/BaseFlattenGrayscaleMap.uasset" 90
"../../../Engine/Content/EngineMaterials/BaseFlattenGrayscaleMap.uexp" 91
"../../../Engine/Content/EngineMaterials/BaseFlattenEmissiveMap.uasset" 92
"../../../Engine/Content/EngineMaterials/BaseFlattenEmissiveMap.uexp" 93
"../../../Engine/Content/EngineMaterials/BaseFlattenDiffuseMap.uasset" 94
"../../../Engine/Content/EngineMaterials/BaseFlattenDiffuseMap.uexp" 95
"../../../Engine/Content/EngineMaterials/BaseFlattenMaterial.uasset" 96
"../../../Engine/Content/EngineMaterials/BaseFlattenMaterial.uexp" 97
"../../../Engine/Content/EngineMaterials/BlueNoise.uasset" 98
"../../../Engine/Content/EngineMaterials/BlueNoise.uexp" 99
"../../../Engine/Content/EngineMaterials/DefaultBloomKernel.uasset" 100
"../../../Engine/Content/EngineMaterials/DefaultBloomKernel.uexp" 101
"../../../Engine/Content/EngineMaterials/DefaultBokeh.uasset" 102
"../../../Engine/Content/EngineMaterials/DefaultBokeh.uexp" 103
"../../../Engine/Content/EngineMaterials/DefaultDiffuse.uasset" 104
"../../../Engine/Content/EngineMaterials/DefaultDiffuse.uexp" 105
"../../../Engine/Content/EngineMaterials/DefaultDiffuse.ubulk" 106
"../../../Engine/Content/EngineMaterials/DefaultDeferredDecalMaterial.uasset" 107
"../../../Engine/Content/EngineMaterials/DefaultDeferredDecalMaterial.uexp" 108
"../../../Engine/Content/EngineMaterials/DefaultLightFunctionMaterial.uasset" 109
"../../../Engine/Content/EngineMaterials/DefaultLightFunctionMaterial.uexp" 110
"../../../Engine/Content/EngineMaterials/DefaultPhysicalMaterial.uasset" 111
"../../../Engine/Content/EngineMaterials/DefaultPhysicalMaterial.uexp" 112
"../../../Engine/Content/Functions/Engine_MaterialFunctions02/Utility/BreakOutFloat2Components.uasset" 113
"../../../Engine/Content/Functions/Engine_MaterialFunctions02/Utility/BreakOutFloat2Components.uexp" 114
"../../../Engine/Content/EngineMaterials/DefaultPostProcessMaterial.uasset" 115
"../../../Engine/Content/EngineMaterials/DefaultPostProcessMaterial.uexp" 116
"../../../Engine/Content/EngineFonts/RobotoDistanceField.uasset" 117
"../../../Engine/Content/EngineFonts/RobotoDistanceField.uexp" 118
"../../../Engine/Content/EngineMaterials/DefaultTextMaterialOpaque.uasset" 119
"../../../Engine/Content/EngineMaterials/DefaultTextMaterialOpaque.uexp" 120
"../../../Engine/Content/EngineMaterials/DefaultWhiteGrid.uasset" 121
"../../../Engine/Content/EngineMaterials/DefaultWhiteGrid.uexp" 122
"../../../Engine/Content/EngineMaterials/DefaultWhiteGrid.ubulk" 123
"../../../Engine/Content/EngineMaterials/DefaultWhiteGrid_Low.uasset" 124
"../../../Engine/Content/EngineMaterials/DefaultWhiteGrid_Low.uexp" 125
"../../../Engine/Content/EngineMaterials/EmissiveMeshMaterial.uasset" 126
"../../../Engine/Content/EngineMaterials/EmissiveMeshMaterial.uexp" 127
"../../../Engine/Content/EngineMaterials/GizmoMaterial.uasset" 128
"../../../Engine/Content/EngineMaterials/GizmoMaterial.uexp" 129
"../../../Engine/Content/EngineMaterials/Good64x64TilingNoiseHighFreq.uasset" 130
"../../../Engine/Content/EngineMaterials/Good64x64TilingNoiseHighFreq.uexp" 131
"../../../Engine/Content/EngineMaterials/MiniFont.uasset" 132
"../../../Engine/Content/EngineMaterials/MiniFont.uexp" 133
"../../../Engine/Content/EngineMaterials/InvalidLightmapSettings.uasset" 134
"../../../Engine/Content/EngineMaterials/InvalidLightmapSettings.uexp" 135
"../../../Engine/Content/EngineMaterials/InvalidLightmapSettings.ubulk" 136
"../../../Engine/Content/EngineMaterials/M_InvalidLightmapSettings.uasset" 137
"../../../Engine/Content/EngineMaterials/M_InvalidLightmapSettings.uexp" 138
"../../../Engine/Content/Functions/Engine_MaterialFunctions02/WorldPositionOffset/CameraOffset.uasset" 139
"../../../Engine/Content/Functions/Engine_MaterialFunctions02/WorldPositionOffset/CameraOffset.uexp" 140
"../../../Engine/Content/EngineMaterials/PhAT_JointLimitMaterial.uasset" 141
"../../../Engine/Content/EngineMaterials/PhAT_JointLimitMaterial.uexp" 142
"../../../Engine/Content/EngineMaterials/DefaultCalibrationColor.uasset" 143
"../../../Engine/Content/EngineMaterials/DefaultCalibrationColor.uexp" 144
"../../../Engine/Content/EngineMaterials/PPM_DefaultCalibrationColor.uasset" 145
"../../../Engine/Content/EngineMaterials/PPM_DefaultCalibrationColor.uexp" 146
"../../../Engine/Content/EngineMaterials/DefaultCalibrationGrayscale.uasset" 147
"../../../Engine/Content/EngineMaterials/DefaultCalibrationGrayscale.uexp" 148
"../../../Engine/Content/EngineMaterials/PPM_DefaultCalibrationGrayscale.uasset" 149
"../../../Engine/Content/EngineMaterials/PPM_DefaultCalibrationGrayscale.uexp" 150
"../../../Engine/Content/EngineMaterials/PreintegratedSkinBRDF.uasset" 151
"../../../Engine/Content/EngineMaterials/PreintegratedSkinBRDF.uexp" 152
"../../../Engine/Content/EngineMaterials/RemoveSurfaceMaterial.uasset" 153
"../../../Engine/Content/EngineMaterials/RemoveSurfaceMaterial.uexp" 154
"../../../Engine/Content/EngineMaterials/WeightMapPlaceholderTexture.uasset" 155
"../../../Engine/Content/EngineMaterials/WeightMapPlaceholderTexture.uexp" 156
"../../../Engine/Content/EngineResources/WhiteSquareTexture.uasset" 157
"../../../Engine/Content/EngineResources/WhiteSquareTexture.uexp" 158
"../../../Engine/Content/EngineMaterials/Widget3DPassThrough.uasset" 159
"../../../Engine/Content/EngineMaterials/Widget3DPassThrough.uexp" 160
"../../../Engine/Content/EngineMaterials/Widget3DPassThrough_Masked.uasset" 161
"../../../Engine/Content/EngineMaterials/Widget3DPassThrough_Masked.uexp" 162
"../../../Engine/Content/EngineMaterials/Widget3DPassThrough_Opaque.uasset" 163
"../../../Engine/Content/EngineMaterials/Widget3DPassThrough_Opaque.uexp" 164
"../../../Engine/Content/EngineMaterials/Widget3DPassThrough_Masked_OneSided.uasset" 165
"../../../Engine/Content/EngineMaterials/Widget3DPassThrough_Masked_OneSided.uexp" 166
"../../../Engine/Content/EngineMaterials/Widget3DPassThrough_Opaque_OneSided.uasset" 167
"../../../Engine/Content/EngineMaterials/Widget3DPassThrough_Opaque_OneSided.uexp" 168
"../../../Engine/Content/EngineMaterials/Widget3DPassThrough_Translucent.uasset" 169
"../../../Engine/Content/EngineMaterials/Widget3DPassThrough_Translucent.uexp" 170
"../../../Engine/Content/EngineMaterials/Widget3DPassThrough_Translucent_OneSided.uasset" 171
"../../../Engine/Content/EngineMaterials/Widget3DPassThrough_Translucent_OneSided.uexp" 172
"../../../Engine/Content/EngineMeshes/Cylinder.uasset" 173
"../../../Engine/Content/EngineMeshes/Cylinder.uexp" 174
"../../../Engine/Content/EngineResources/DefaultTexture.uasset" 175
"../../../Engine/Content/EngineResources/DefaultTexture.uexp" 176
"../../../Engine/Content/EngineResources/DefaultTexture.ubulk" 177
"../../../Engine/Content/EngineResources/DefaultTextureCube.uasset" 178
"../../../Engine/Content/EngineResources/DefaultTextureCube.uexp" 179
"../../../Engine/Content/EngineResources/DefaultVolumeTexture2D.uasset" 180
"../../../Engine/Content/EngineResources/DefaultVolumeTexture2D.uexp" 181
"../../../Engine/Content/EngineResources/DefaultVolumeTexture.uasset" 182
"../../../Engine/Content/EngineResources/DefaultVolumeTexture.uexp" 183
"../../../Engine/Content/EngineResources/GradientTexture0.uasset" 184
"../../../Engine/Content/EngineResources/GradientTexture0.uexp" 185
"../../../Engine/Content/EngineSky/VolumetricClouds/T_NoiseShape64.uasset" 186
"../../../Engine/Content/EngineSky/VolumetricClouds/T_NoiseShape64.uexp" 187
"../../../Engine/Content/EngineSky/VolumetricClouds/T_NoiseShape64.ubulk" 188
"../../../Engine/Content/EngineSky/VolumetricClouds/T_VolumeNoiseShape64.uasset" 189
"../../../Engine/Content/EngineSky/VolumetricClouds/T_VolumeNoiseShape64.uexp" 190
"../../../Engine/Content/EngineSky/VolumetricClouds/T_NoiseErosion.uasset" 191
"../../../Engine/Content/EngineSky/VolumetricClouds/T_NoiseErosion.uexp" 192
"../../../Engine/Content/EngineSky/VolumetricClouds/T_NoiseErosion.ubulk" 193
"../../../Engine/Content/EngineSky/VolumetricClouds/T_VolumeNoiseErosion32.uasset" 194
"../../../Engine/Content/EngineSky/VolumetricClouds/T_VolumeNoiseErosion32.uexp" 195
"../../../Engine/Content/EngineSky/VolumetricClouds/CloudWeatherTexture.uasset" 196
"../../../Engine/Content/EngineSky/VolumetricClouds/CloudWeatherTexture.uexp" 197
"../../../Engine/Content/EngineSky/VolumetricClouds/CloudGradientTexture.uasset" 198
"../../../Engine/Content/EngineSky/VolumetricClouds/CloudGradientTexture.uexp" 199
"../../../Engine/Content/Functions/Engine_MaterialFunctions02/Utility/MakeFloat2.uasset" 200
"../../../Engine/Content/Functions/Engine_MaterialFunctions02/Utility/MakeFloat2.uexp" 201
"../../../Engine/Content/EngineSky/VolumetricClouds/m_SimpleVolumetricCloud.uasset" 202
"../../../Engine/Content/EngineSky/VolumetricClouds/m_SimpleVolumetricCloud.uexp" 203
"../../../Engine/Content/EngineSky/VolumetricClouds/m_SimpleVolumetricCloud_Inst.uasset" 204
"../../../Engine/Content/EngineSky/VolumetricClouds/m_SimpleVolumetricCloud_Inst.uexp" 205
"../../../Engine/Content/EngineSounds/Master.uasset" 206
"../../../Engine/Content/EngineSounds/Master.uexp" 207
"../../../Engine/Content/Functions/Engine_MaterialFunctions01/Shading/PowerToRoughness.uasset" 208
"../../../Engine/Content/Functions/Engine_MaterialFunctions01/Shading/PowerToRoughness.uexp" 209
"../../../Engine/Content/Maps/Templates/Thumbnails/Default.uasset" 210
"../../../Engine/Content/Maps/Templates/Thumbnails/Default.uexp" 211
"../../../Engine/Content/Maps/Templates/Thumbnails/Template_01.uasset" 212
"../../../Engine/Content/Maps/Templates/Thumbnails/Template_01.uexp" 213
"../../../Engine/Content/Maps/Templates/Thumbnails/Template_02.uasset" 214
"../../../Engine/Content/Maps/Templates/Thumbnails/Template_02.uexp" 215
"../../../Engine/Content/Maps/Templates/Thumbnails/TimeOfDay.uasset" 216
"../../../Engine/Content/Maps/Templates/Thumbnails/TimeOfDay.uexp" 217
"../../../Engine/Content/Maps/Templates/Thumbnails/VR-Basic.uasset" 218
"../../../Engine/Content/Maps/Templates/Thumbnails/VR-Basic.uexp" 219
"../../../Engine/Content/MobileResources/T_MobileControls_texture.uasset" 220
"../../../Engine/Content/MobileResources/T_MobileControls_texture.uexp" 221
"../../../Engine/Content/MobileResources/T_MobileMenu2.uasset" 222
"../../../Engine/Content/MobileResources/T_MobileMenu2.uexp" 223
"../../../Engine/Content/MobileResources/HUD/AnalogHat.uasset" 224
"../../../Engine/Content/MobileResources/HUD/AnalogHat.uexp" 225
"../../../Engine/Content/MobileResources/HUD/VirtualJoystick_Thumb.uasset" 226
"../../../Engine/Content/MobileResources/HUD/VirtualJoystick_Thumb.uexp" 227
"../../../Engine/Content/MobileResources/HUD/VirtualJoystick_Background.uasset" 228
"../../../Engine/Content/MobileResources/HUD/VirtualJoystick_Background.uexp" 229
"../../../Engine/Content/MobileResources/HUD/DefaultVirtualJoysticks.uasset" 230
"../../../Engine/Content/MobileResources/HUD/DefaultVirtualJoysticks.uexp" 231
"../../../Engine/Content/MobileResources/HUD/LeftVirtualJoystickOnly.uasset" 232
"../../../Engine/Content/MobileResources/HUD/LeftVirtualJoystickOnly.uexp" 233
"../../../Engine/Content/MobileResources/HUD/MobileHUDButton1_off.uasset" 234
"../../../Engine/Content/MobileResources/HUD/MobileHUDButton1_off.uexp" 235
"../../../Engine/Content/MobileResources/HUD/MobileHUDButton1_on.uasset" 236
"../../../Engine/Content/MobileResources/HUD/MobileHUDButton1_on.uexp" 237
"../../../Engine/Content/MobileResources/HUD/MobileHUDButton2_off.uasset" 238
"../../../Engine/Content/MobileResources/HUD/MobileHUDButton2_off.uexp" 239
"../../../Engine/Content/MobileResources/HUD/MobileHUDButton2_on.uasset" 240
"../../../Engine/Content/MobileResources/HUD/MobileHUDButton2_on.uexp" 241
"../../../Engine/Content/MobileResources/HUD/MobileHUDButton3.uasset" 242
"../../../Engine/Content/MobileResources/HUD/MobileHUDButton3.uexp" 243
"../../../Engine/Content/MobileResources/HUD/MobileHUDButtonFire.uasset" 244
"../../../Engine/Content/MobileResources/HUD/MobileHUDButtonFire.uexp" 245
"../../../Engine/Content/MobileResources/HUD/MobileHUDDirectionPad.uasset" 246
"../../../Engine/Content/MobileResources/HUD/MobileHUDDirectionPad.uexp" 247
"../../../Engine/Content/MobileResources/HUD/MobileHUDDirectionPad2.uasset" 248
"../../../Engine/Content/MobileResources/HUD/MobileHUDDirectionPad2.uexp" 249
"../../../Engine/Content/MobileResources/HUD/MobileHUDDirectionPad3.uasset" 250
"../../../Engine/Content/MobileResources/HUD/MobileHUDDirectionPad3.uexp" 251
"../../../Engine/Content/MobileResources/HUD/MobileHUDDirectionStick.uasset" 252
"../../../Engine/Content/MobileResources/HUD/MobileHUDDirectionStick.uexp" 253
"../../../Engine/Content/MobileResources/HUD/T_Castle_ThumbstickInner.uasset" 254
"../../../Engine/Content/MobileResources/HUD/T_Castle_ThumbstickInner.uexp" 255
"../../../Engine/Content/MobileResources/HUD/T_Castle_ThumbstickOutter.uasset" 256
"../../../Engine/Content/MobileResources/HUD/T_Castle_ThumbstickOutter.uexp" 257
"../../../Engine/Content/Tutorial/ContentIntroCurve.uasset" 258
"../../../Engine/Content/Tutorial/ContentIntroCurve.uexp" 259
"../../../Engine/Content/Tutorial/Basics/TutorialAssets/icon_tab_Levels_40x.uasset" 260
"../../../Engine/Content/Tutorial/Basics/TutorialAssets/icon_tab_Levels_40x.uexp" 261
"../../../Engine/Content/Tutorial/BlueprintTutorials/TutorialAssets/Blueprint_64x.uasset" 262
"../../../Engine/Content/Tutorial/BlueprintTutorials/TutorialAssets/Blueprint_64x.uexp" 263
"../../../Engine/Plugins/2D/Paper2D/Content/PlaceholderTextures/DummySpriteTexture.uasset" 264
"../../../Engine/Plugins/2D/Paper2D/Content/PlaceholderTextures/DummySpriteTexture.uexp" 265
"../../../Engine/Plugins/2D/Paper2D/Content/PlaceholderTextures/DummySpriteTexture.ubulk" 266
"../../../Engine/Plugins/2D/Paper2D/Content/DummySprite.uasset" 267
"../../../Engine/Plugins/2D/Paper2D/Content/DummySprite.uexp" 268
"../../../Engine/Plugins/2D/Paper2D/Content/DefaultPaperTerrainMaterial.uasset" 269
"../../../Engine/Plugins/2D/Paper2D/Content/DefaultPaperTerrainMaterial.uexp" 270
"../../../Engine/Plugins/2D/Paper2D/Content/DefaultSpriteMaterial.uasset" 271
"../../../Engine/Plugins/2D/Paper2D/Content/DefaultSpriteMaterial.uexp" 272
"../../../Engine/Plugins/2D/Paper2D/Content/MaskedUnlitSpriteMaterial.uasset" 273
"../../../Engine/Plugins/2D/Paper2D/Content/MaskedUnlitSpriteMaterial.uexp" 274
"../../../Engine/Plugins/2D/Paper2D/Content/OpaqueUnlitSpriteMaterial.uasset" 275
"../../../Engine/Plugins/2D/Paper2D/Content/OpaqueUnlitSpriteMaterial.uexp" 276
"../../../Engine/Content/Functions/Engine_MaterialFunctions02/Utility/BreakOutFloat3Components.uasset" 277
"../../../Engine/Content/Functions/Engine_MaterialFunctions02/Utility/BreakOutFloat3Components.uexp" 278
"../../../Engine/Plugins/Editor/SpeedTreeImporter/Content/SpeedTree9/UnpackInteger3.uasset" 279
"../../../Engine/Plugins/Editor/SpeedTreeImporter/Content/SpeedTree9/UnpackInteger3.uexp" 280
"../../../Engine/Plugins/Editor/SpeedTreeImporter/Content/SpeedTree9/UnpackDirection.uasset" 281
"../../../Engine/Plugins/Editor/SpeedTreeImporter/Content/SpeedTree9/UnpackDirection.uexp" 282
"../../../Engine/Plugins/Editor/SpeedTreeImporter/Content/SpeedTree9/game_wind_noise.uasset" 283
"../../../Engine/Plugins/Editor/SpeedTreeImporter/Content/SpeedTree9/game_wind_noise.uexp" 284
"../../../Engine/Plugins/Editor/SpeedTreeImporter/Content/SpeedTree9/game_wind_noise.ubulk" 285
"../../../Engine/Content/Functions/Engine_MaterialFunctions02/SafeNormalize.uasset" 286
"../../../Engine/Content/Functions/Engine_MaterialFunctions02/SafeNormalize.uexp" 287
"../../../Engine/Plugins/Editor/SpeedTreeImporter/Content/SpeedTree9/SpeedTreeWindMotion.uasset" 288
"../../../Engine/Plugins/Editor/SpeedTreeImporter/Content/SpeedTree9/SpeedTreeWindMotion.uexp" 289
"../../../Engine/Plugins/Editor/SpeedTreeImporter/Content/SpeedTree9/SpeedTreeBranchMotion.uasset" 290
"../../../Engine/Plugins/Editor/SpeedTreeImporter/Content/SpeedTree9/SpeedTreeBranchMotion.uexp" 291
"../../../Engine/Content/Functions/Engine_MaterialFunctions02/ObjectLocalBounds.uasset" 292
"../../../Engine/Content/Functions/Engine_MaterialFunctions02/ObjectLocalBounds.uexp" 293
"../../../Engine/Content/Functions/Engine_MaterialFunctions02/UVs/BoundingBoxBased_0-1_UVW.uasset" 294
"../../../Engine/Content/Functions/Engine_MaterialFunctions02/UVs/BoundingBoxBased_0-1_UVW.uexp" 295
"../../../Engine/Content/Functions/Engine_MaterialFunctions02/Utility/VectorLength.uasset" 296
"../../../Engine/Content/Functions/Engine_MaterialFunctions02/Utility/VectorLength.uexp" 297
"../../../Engine/Content/Functions/Engine_MaterialFunctions02/WorldPositionOffset/ObjectScale.uasset" 298
"../../../Engine/Content/Functions/Engine_MaterialFunctions02/WorldPositionOffset/ObjectScale.uexp" 299
"../../../Engine/Plugins/Editor/SpeedTreeImporter/Content/SpeedTree9/SpeedTreeWind.uasset" 300
"../../../Engine/Plugins/Editor/SpeedTreeImporter/Content/SpeedTree9/SpeedTreeWind.uexp" 301
"../../../Engine/Plugins/Editor/SpeedTreeImporter/Content/SpeedTree9/SpeedTreeBillboard.uasset" 302
"../../../Engine/Plugins/Editor/SpeedTreeImporter/Content/SpeedTree9/SpeedTreeBillboard.uexp" 303
"../../../Engine/Plugins/Editor/SpeedTreeImporter/Content/SpeedTree9/EmptyNormal.uasset" 304
"../../../Engine/Plugins/Editor/SpeedTreeImporter/Content/SpeedTree9/EmptyNormal.uexp" 305
"../../../Engine/Plugins/Editor/SpeedTreeImporter/Content/SpeedTree9/Empty.uasset" 306
"../../../Engine/Plugins/Editor/SpeedTreeImporter/Content/SpeedTree9/Empty.uexp" 307
"../../../Engine/Plugins/Editor/SpeedTreeImporter/Content/SpeedTree9/SpeedTreeBillboardMaster.uasset" 308
"../../../Engine/Plugins/Editor/SpeedTreeImporter/Content/SpeedTree9/SpeedTreeBillboardMaster.uexp" 309
"../../../Engine/Plugins/Editor/SpeedTreeImporter/Content/SpeedTree9/SpeedTreeCameraFacing.uasset" 310
"../../../Engine/Plugins/Editor/SpeedTreeImporter/Content/SpeedTree9/SpeedTreeCameraFacing.uexp" 311
"../../../Engine/Plugins/Editor/SpeedTreeImporter/Content/SpeedTree9/SpeedTreeMaster.uasset" 312
"../../../Engine/Plugins/Editor/SpeedTreeImporter/Content/SpeedTree9/SpeedTreeMaster.uexp" 313
"../../../Engine/Content/BasicShapes/Cylinder.uasset" 314
"../../../Engine/Content/BasicShapes/Cylinder.uexp" 315
"../../../Engine/Content/ArtTools/RenderToTexture/Materials/Debug/M_Emissive_Color.uasset" 316
"../../../Engine/Content/ArtTools/RenderToTexture/Materials/Debug/M_Emissive_Color.uexp" 317
"../../../Engine/Plugins/Lumin/MagicLeapPassableWorld/Content/MagicLeapARPinInfoActor.uasset" 318
"../../../Engine/Plugins/Lumin/MagicLeapPassableWorld/Content/MagicLeapARPinInfoActor.uexp" 319
"../../../Engine/Plugins/Runtime/OpenXR/Content/Devices/GoogleDaydream/MRTexture.uasset" 320
"../../../Engine/Plugins/Runtime/OpenXR/Content/Devices/GoogleDaydream/MRTexture.uexp" 321
"../../../Engine/Plugins/Runtime/OpenXR/Content/Devices/GoogleDaydream/MRTexture.ubulk" 322
"../../../Engine/Plugins/Runtime/OpenXR/Content/Devices/GoogleDaydream/BaseTexture.uasset" 323
"../../../Engine/Plugins/Runtime/OpenXR/Content/Devices/GoogleDaydream/BaseTexture.uexp" 324
"../../../Engine/Plugins/Runtime/OpenXR/Content/Devices/GoogleDaydream/BaseTexture.ubulk" 325
"../../../Engine/Content/EngineResources/Black.uasset" 326
"../../../Engine/Content/EngineResources/Black.uexp" 327
"../../../Engine/Plugins/Runtime/OpenXR/Content/Devices/M_XRController.uasset" 328
"../../../Engine/Plugins/Runtime/OpenXR/Content/Devices/M_XRController.uexp" 329
"../../../Engine/Plugins/Runtime/OpenXR/Content/Devices/GoogleDaydream/MI_GoogleDaydream.uasset" 330
"../../../Engine/Plugins/Runtime/OpenXR/Content/Devices/GoogleDaydream/MI_GoogleDaydream.uexp" 331
"../../../Engine/Plugins/Runtime/OpenXR/Content/Devices/GoogleDaydream/GoogleDaydreamController.uasset" 332
"../../../Engine/Plugins/Runtime/OpenXR/Content/Devices/GoogleDaydream/GoogleDaydreamController.uexp" 333
"../../../Engine/Plugins/Runtime/OpenXR/Content/Devices/HTCVive/BaseTexture.uasset" 334
"../../../Engine/Plugins/Runtime/OpenXR/Content/Devices/HTCVive/BaseTexture.uexp" 335
"../../../Engine/Plugins/Runtime/OpenXR/Content/Devices/HTCVive/BaseTexture.ubulk" 336
"../../../Engine/Plugins/Runtime/OpenXR/Content/Devices/HTCVive/MI_HTCVive.uasset" 337
"../../../Engine/Plugins/Runtime/OpenXR/Content/Devices/HTCVive/MI_HTCVive.uexp" 338
"../../../Engine/Plugins/Runtime/OpenXR/Content/Devices/HTCVive/HTCViveController.uasset" 339
"../../../Engine/Plugins/Runtime/OpenXR/Content/Devices/HTCVive/HTCViveController.uexp" 340
"../../../Engine/Plugins/Runtime/OpenXR/Content/Devices/MicrosoftMixedReality/NormalTexture.uasset" 341
"../../../Engine/Plugins/Runtime/OpenXR/Content/Devices/MicrosoftMixedReality/NormalTexture.uexp" 342
"../../../Engine/Plugins/Runtime/OpenXR/Content/Devices/MicrosoftMixedReality/NormalTexture.ubulk" 343
"../../../Engine/Plugins/Runtime/OpenXR/Content/Devices/MicrosoftMixedReality/MRTexture.uasset" 344
"../../../Engine/Plugins/Runtime/OpenXR/Content/Devices/MicrosoftMixedReality/MRTexture.uexp" 345
"../../../Engine/Plugins/Runtime/OpenXR/Content/Devices/MicrosoftMixedReality/MRTexture.ubulk" 346
"../../../Engine/Plugins/Runtime/OpenXR/Content/Devices/MicrosoftMixedReality/EmissiveTexture.uasset" 347
"../../../Engine/Plugins/Runtime/OpenXR/Content/Devices/MicrosoftMixedReality/EmissiveTexture.uexp" 348
"../../../Engine/Plugins/Runtime/OpenXR/Content/Devices/MicrosoftMixedReality/EmissiveTexture.ubulk" 349
"../../../Engine/Plugins/Runtime/OpenXR/Content/Devices/MicrosoftMixedReality/BaseTexture.uasset" 350
"../../../Engine/Plugins/Runtime/OpenXR/Content/Devices/MicrosoftMixedReality/BaseTexture.uexp" 351
"../../../Engine/Plugins/Runtime/OpenXR/Content/Devices/MicrosoftMixedReality/BaseTexture.ubulk" 352
"../../../Engine/Plugins/Runtime/OpenXR/Content/Devices/MicrosoftMixedReality/MI_MicrosoftMixedReality.uasset" 353
"../../../Engine/Plugins/Runtime/OpenXR/Content/Devices/MicrosoftMixedReality/MI_MicrosoftMixedReality.uexp" 354
"../../../Engine/Plugins/Runtime/OpenXR/Content/Devices/MicrosoftMixedReality/Left/left_MicrosoftMixedRealityController.uasset" 355
"../../../Engine/Plugins/Runtime/OpenXR/Content/Devices/MicrosoftMixedReality/Left/left_MicrosoftMixedRealityController.uexp" 356
"../../../Engine/Plugins/Runtime/OpenXR/Content/Devices/MicrosoftMixedReality/Right/right_MicrosoftMixedRealityController.uasset" 357
"../../../Engine/Plugins/Runtime/OpenXR/Content/Devices/MicrosoftMixedReality/Right/right_MicrosoftMixedRealityController.uexp" 358
"../../../Engine/Plugins/Runtime/OpenXR/Content/Devices/OculusGo/BaseTexture.uasset" 359
"../../../Engine/Plugins/Runtime/OpenXR/Content/Devices/OculusGo/BaseTexture.uexp" 360
"../../../Engine/Plugins/Runtime/OpenXR/Content/Devices/OculusGo/BaseTexture.ubulk" 361
"../../../Engine/Plugins/Runtime/OpenXR/Content/Devices/OculusGo/MI_OculusGo.uasset" 362
"../../../Engine/Plugins/Runtime/OpenXR/Content/Devices/OculusGo/MI_OculusGo.uexp" 363
"../../../Engine/Plugins/Runtime/OpenXR/Content/Devices/OculusGo/OculusGoController.uasset" 364
"../../../Engine/Plugins/Runtime/OpenXR/Content/Devices/OculusGo/OculusGoController.uexp" 365
"../../../Engine/Plugins/Runtime/OpenXR/Content/Devices/OculusTouch/MRTexture.uasset" 366
"../../../Engine/Plugins/Runtime/OpenXR/Content/Devices/OculusTouch/MRTexture.uexp" 367
"../../../Engine/Plugins/Runtime/OpenXR/Content/Devices/OculusTouch/MRTexture.ubulk" 368
"../../../Engine/Plugins/Runtime/OpenXR/Content/Devices/OculusTouch/BaseTexture.uasset" 369
"../../../Engine/Plugins/Runtime/OpenXR/Content/Devices/OculusTouch/BaseTexture.uexp" 370
"../../../Engine/Plugins/Runtime/OpenXR/Content/Devices/OculusTouch/BaseTexture.ubulk" 371
"../../../Engine/Plugins/Runtime/OpenXR/Content/Devices/OculusTouch/MI_OculusTouch.uasset" 372
"../../../Engine/Plugins/Runtime/OpenXR/Content/Devices/OculusTouch/MI_OculusTouch.uexp" 373
"../../../Engine/Plugins/Runtime/OpenXR/Content/Devices/OculusTouch/Left/left_OculusTouchController.uasset" 374
"../../../Engine/Plugins/Runtime/OpenXR/Content/Devices/OculusTouch/Left/left_OculusTouchController.uexp" 375
"../../../Engine/Plugins/Runtime/OpenXR/Content/Devices/OculusTouch/Right/right_OculusTouchController.uasset" 376
"../../../Engine/Plugins/Runtime/OpenXR/Content/Devices/OculusTouch/Right/right_OculusTouchController.uexp" 377
"../../../Engine/Plugins/Runtime/OpenXR/Content/Devices/OculusTouch_v2/MRTexture.uasset" 378
"../../../Engine/Plugins/Runtime/OpenXR/Content/Devices/OculusTouch_v2/MRTexture.uexp" 379
"../../../Engine/Plugins/Runtime/OpenXR/Content/Devices/OculusTouch_v2/MRTexture.ubulk" 380
"../../../Engine/Plugins/Runtime/OpenXR/Content/Devices/OculusTouch_v2/BaseTexture.uasset" 381
"../../../Engine/Plugins/Runtime/OpenXR/Content/Devices/OculusTouch_v2/BaseTexture.uexp" 382
"../../../Engine/Plugins/Runtime/OpenXR/Content/Devices/OculusTouch_v2/BaseTexture.ubulk" 383
"../../../Engine/Plugins/Runtime/OpenXR/Content/Devices/OculusTouch_v2/MI_OculusTouch_v2.uasset" 384
"../../../Engine/Plugins/Runtime/OpenXR/Content/Devices/OculusTouch_v2/MI_OculusTouch_v2.uexp" 385
"../../../Engine/Plugins/Runtime/OpenXR/Content/Devices/OculusTouch_v2/Left/left_OculusTouch_v2Controller.uasset" 386
"../../../Engine/Plugins/Runtime/OpenXR/Content/Devices/OculusTouch_v2/Left/left_OculusTouch_v2Controller.uexp" 387
"../../../Engine/Plugins/Runtime/OpenXR/Content/Devices/OculusTouch_v2/Right/right_OculusTouch_v2Controller.uasset" 388
"../../../Engine/Plugins/Runtime/OpenXR/Content/Devices/OculusTouch_v2/Right/right_OculusTouch_v2Controller.uexp" 389
"../../../Engine/Plugins/Runtime/OpenXR/Content/Devices/OculusTouch_v3/MRTexture.uasset" 390
"../../../Engine/Plugins/Runtime/OpenXR/Content/Devices/OculusTouch_v3/MRTexture.uexp" 391
"../../../Engine/Plugins/Runtime/OpenXR/Content/Devices/OculusTouch_v3/MRTexture.ubulk" 392
"../../../Engine/Plugins/Runtime/OpenXR/Content/Devices/OculusTouch_v3/BaseTexture.uasset" 393
"../../../Engine/Plugins/Runtime/OpenXR/Content/Devices/OculusTouch_v3/BaseTexture.uexp" 394
"../../../Engine/Plugins/Runtime/OpenXR/Content/Devices/OculusTouch_v3/BaseTexture.ubulk" 395
"../../../Engine/Plugins/Runtime/OpenXR/Content/Devices/OculusTouch_v3/MI_OculusTouch_v3.uasset" 396
"../../../Engine/Plugins/Runtime/OpenXR/Content/Devices/OculusTouch_v3/MI_OculusTouch_v3.uexp" 397
"../../../Engine/Plugins/Runtime/OpenXR/Content/Devices/OculusTouch_v3/Left/left_OculusTouch_v3Controller.uasset" 398
"../../../Engine/Plugins/Runtime/OpenXR/Content/Devices/OculusTouch_v3/Left/left_OculusTouch_v3Controller.uexp" 399
"../../../Engine/Plugins/Runtime/OpenXR/Content/Devices/OculusTouch_v3/Right/right_OculusTouch_v3Controller.uasset" 400
"../../../Engine/Plugins/Runtime/OpenXR/Content/Devices/OculusTouch_v3/Right/right_OculusTouch_v3Controller.uexp" 401
"../../../Engine/Plugins/Runtime/OpenXR/Content/Devices/ValveIndex/MRTexture.uasset" 402
"../../../Engine/Plugins/Runtime/OpenXR/Content/Devices/ValveIndex/MRTexture.uexp" 403
"../../../Engine/Plugins/Runtime/OpenXR/Content/Devices/ValveIndex/MRTexture.ubulk" 404
"../../../Engine/Plugins/Runtime/OpenXR/Content/Devices/ValveIndex/BaseTexture.uasset" 405
"../../../Engine/Plugins/Runtime/OpenXR/Content/Devices/ValveIndex/BaseTexture.uexp" 406
"../../../Engine/Plugins/Runtime/OpenXR/Content/Devices/ValveIndex/BaseTexture.ubulk" 407
"../../../Engine/Plugins/Runtime/OpenXR/Content/Devices/ValveIndex/Left/MI_left_ValveIndex.uasset" 408
"../../../Engine/Plugins/Runtime/OpenXR/Content/Devices/ValveIndex/Left/MI_left_ValveIndex.uexp" 409
"../../../Engine/Plugins/Runtime/OpenXR/Content/Devices/ValveIndex/Left/left_ValveIndexController.uasset" 410
"../../../Engine/Plugins/Runtime/OpenXR/Content/Devices/ValveIndex/Left/left_ValveIndexController.uexp" 411
"../../../Engine/Plugins/Runtime/OpenXR/Content/Devices/ValveIndex/Right/MI_right_ValveIndex.uasset" 412
"../../../Engine/Plugins/Runtime/OpenXR/Content/Devices/ValveIndex/Right/MI_right_ValveIndex.uexp" 413
"../../../Engine/Plugins/Runtime/OpenXR/Content/Devices/ValveIndex/Right/right_ValveIndexController.uasset" 414
"../../../Engine/Plugins/Runtime/OpenXR/Content/Devices/ValveIndex/Right/right_ValveIndexController.uexp" 415
"../../../Engine/Content/Functions/Engine_MaterialFunctions02/Utility/BreakOutFloat4Components.uasset" 416
"../../../Engine/Content/Functions/Engine_MaterialFunctions02/Utility/BreakOutFloat4Components.uexp" 417
"../../../Engine/Content/Functions/Engine_MaterialFunctions02/Utility/MakeFloat3.uasset" 418
"../../../Engine/Content/Functions/Engine_MaterialFunctions02/Utility/MakeFloat3.uexp" 419
"../../../Engine/Plugins/Runtime/Oculus/OculusVR/Content/Materials/OculusMR_ChromaKey.uasset" 420
"../../../Engine/Plugins/Runtime/Oculus/OculusVR/Content/Materials/OculusMR_ChromaKey.uexp" 421
"../../../Engine/Plugins/Runtime/Oculus/OculusVR/Content/Materials/OculusMR_OpaqueColoredMaterial.uasset" 422
"../../../Engine/Plugins/Runtime/Oculus/OculusVR/Content/Materials/OculusMR_OpaqueColoredMaterial.uexp" 423
"../../../Engine/Plugins/Runtime/Oculus/OculusVR/Content/Materials/PokeAHoleMaterial.uasset" 424
"../../../Engine/Plugins/Runtime/Oculus/OculusVR/Content/Materials/PokeAHoleMaterial.uexp" 425
"../../../Engine/Plugins/Runtime/Oculus/OculusVR/Content/Textures/touchController_controlmap.uasset" 426
"../../../Engine/Plugins/Runtime/Oculus/OculusVR/Content/Textures/touchController_controlmap.uexp" 427
"../../../Engine/Plugins/Runtime/Oculus/OculusVR/Content/Textures/touchController_controlmap.ubulk" 428
"../../../Engine/Plugins/Runtime/Oculus/OculusVR/Content/Textures/touchController_albedo.uasset" 429
"../../../Engine/Plugins/Runtime/Oculus/OculusVR/Content/Textures/touchController_albedo.uexp" 430
"../../../Engine/Plugins/Runtime/Oculus/OculusVR/Content/Textures/touchController_albedo.ubulk" 431
"../../../Engine/Plugins/Runtime/Oculus/OculusVR/Content/Materials/touchController_mat.uasset" 432
"../../../Engine/Plugins/Runtime/Oculus/OculusVR/Content/Materials/touchController_mat.uexp" 433
"../../../Engine/Plugins/Runtime/Oculus/OculusVR/Content/Meshes/LeftTouchController.uasset" 434
"../../../Engine/Plugins/Runtime/Oculus/OculusVR/Content/Meshes/LeftTouchController.uexp" 435
"../../../Engine/Plugins/Runtime/Oculus/OculusVR/Content/Textures/TouchForQuestRiftSController_albedo.uasset" 436
"../../../Engine/Plugins/Runtime/Oculus/OculusVR/Content/Textures/TouchForQuestRiftSController_albedo.uexp" 437
"../../../Engine/Plugins/Runtime/Oculus/OculusVR/Content/Textures/TouchForQuestRiftSController_albedo.ubulk" 438
"../../../Engine/Plugins/Runtime/Oculus/OculusVR/Content/Materials/TouchForQuestRiftSControllerMaterial.uasset" 439
"../../../Engine/Plugins/Runtime/Oculus/OculusVR/Content/Materials/TouchForQuestRiftSControllerMaterial.uexp" 440
"../../../Engine/Plugins/Runtime/Oculus/OculusVR/Content/Meshes/LeftTouchForQuestRiftSController.uasset" 441
"../../../Engine/Plugins/Runtime/Oculus/OculusVR/Content/Meshes/LeftTouchForQuestRiftSController.uexp" 442
"../../../Engine/Plugins/Runtime/Oculus/OculusVR/Content/Meshes/RiftHMD.uasset" 443
"../../../Engine/Plugins/Runtime/Oculus/OculusVR/Content/Meshes/RiftHMD.uexp" 444
"../../../Engine/Plugins/Runtime/Oculus/OculusVR/Content/Meshes/RightTouchController.uasset" 445
"../../../Engine/Plugins/Runtime/Oculus/OculusVR/Content/Meshes/RightTouchController.uexp" 446
"../../../Engine/Plugins/Runtime/Oculus/OculusVR/Content/Meshes/RightTouchForQuestRiftSController.uasset" 447
"../../../Engine/Plugins/Runtime/Oculus/OculusVR/Content/Meshes/RightTouchForQuestRiftSController.uexp" 448
"../../../Engine/Content/EngineMeshes/Sphere.uasset" 449
"../../../Engine/Content/EngineMeshes/Sphere.uexp" 450
"../../../Engine/Content/BasicShapes/BasicShapeMaterial.uasset" 451
"../../../Engine/Content/BasicShapes/BasicShapeMaterial.uexp" 452
"C:/Users/dandk/Documents/GitHub/Repositories/FPSProject/Content/Levels/TestLevels/LVL_TestLevel_01_BuiltData.uasset" 453
"C:/Users/dandk/Documents/GitHub/Repositories/FPSProject/Content/Levels/TestLevels/LVL_TestLevel_01_BuiltData.uexp" 454
"C:/Users/dandk/Documents/GitHub/Repositories/FPSProject/Content/Levels/TestLevels/LVL_TestLevel_01_BuiltData.ubulk" 455
"C:/Users/dandk/Documents/GitHub/Repositories/FPSProject/Content/Textures/Default/T_ClearMap_N.uasset" 456
"C:/Users/dandk/Documents/GitHub/Repositories/FPSProject/Content/Textures/Default/T_ClearMap_N.uexp" 457
"C:/Users/dandk/Documents/GitHub/Repositories/FPSProject/Content/Textures/Default/T_ClearMap_N.ubulk" 458
"C:/Users/dandk/Documents/GitHub/Repositories/FPSProject/Content/Textures/Default/T_ClearMap_MRn.uasset" 459
"C:/Users/dandk/Documents/GitHub/Repositories/FPSProject/Content/Textures/Default/T_ClearMap_MRn.uexp" 460
"C:/Users/dandk/Documents/GitHub/Repositories/FPSProject/Content/Textures/Default/T_ClearMap_MRn.ubulk" 461
"C:/Users/dandk/Documents/GitHub/Repositories/FPSProject/Content/Textures/Default/T_ClearMap_D.uasset" 462
"C:/Users/dandk/Documents/GitHub/Repositories/FPSProject/Content/Textures/Default/T_ClearMap_D.uexp" 463
"C:/Users/dandk/Documents/GitHub/Repositories/FPSProject/Content/Textures/Default/T_ClearMap_D.ubulk" 464
"C:/Users/dandk/Documents/GitHub/Repositories/FPSProject/Content/Environment/Meshes/ColorfulSphere/Textures/T_ColorfulSphere_N.uasset" 465
"C:/Users/dandk/Documents/GitHub/Repositories/FPSProject/Content/Environment/Meshes/ColorfulSphere/Textures/T_ColorfulSphere_N.uexp" 466
"C:/Users/dandk/Documents/GitHub/Repositories/FPSProject/Content/Environment/Meshes/ColorfulSphere/Textures/T_ColorfulSphere_N.ubulk" 467
"C:/Users/dandk/Documents/GitHub/Repositories/FPSProject/Content/Environment/Meshes/ColorfulSphere/Textures/T_ColorfulSphere_MRA.uasset" 468
"C:/Users/dandk/Documents/GitHub/Repositories/FPSProject/Content/Environment/Meshes/ColorfulSphere/Textures/T_ColorfulSphere_MRA.uexp" 469
"C:/Users/dandk/Documents/GitHub/Repositories/FPSProject/Content/Environment/Meshes/ColorfulSphere/Textures/T_ColorfulSphere_MRA.ubulk" 470
"C:/Users/dandk/Documents/GitHub/Repositories/FPSProject/Content/Environment/Meshes/ColorfulSphere/Textures/T_ColorfulSphere_D.uasset" 471
"C:/Users/dandk/Documents/GitHub/Repositories/FPSProject/Content/Environment/Meshes/ColorfulSphere/Textures/T_ColorfulSphere_D.uexp" 472
"C:/Users/dandk/Documents/GitHub/Repositories/FPSProject/Content/Environment/Meshes/ColorfulSphere/Textures/T_ColorfulSphere_D.ubulk" 473
"C:/Users/dandk/Documents/GitHub/Repositories/FPSProject/Content/Materials/Functions/MF_Tile.uasset" 474
"C:/Users/dandk/Documents/GitHub/Repositories/FPSProject/Content/Materials/Functions/MF_Tile.uexp" 475
"C:/Users/dandk/Documents/GitHub/Repositories/FPSProject/Content/Materials/Functions/MF_Roughness.uasset" 476
"C:/Users/dandk/Documents/GitHub/Repositories/FPSProject/Content/Materials/Functions/MF_Roughness.uexp" 477
"C:/Users/dandk/Documents/GitHub/Repositories/FPSProject/Content/Materials/Functions/MF_Normal.uasset" 478
"C:/Users/dandk/Documents/GitHub/Repositories/FPSProject/Content/Materials/Functions/MF_Normal.uexp" 479
"C:/Users/dandk/Documents/GitHub/Repositories/FPSProject/Content/Materials/Functions/MF_Metallic.uasset" 480
"C:/Users/dandk/Documents/GitHub/Repositories/FPSProject/Content/Materials/Functions/MF_Metallic.uexp" 481
"C:/Users/dandk/Documents/GitHub/Repositories/FPSProject/Content/Materials/Masters/Default/M_Base_Master.uasset" 482
"C:/Users/dandk/Documents/GitHub/Repositories/FPSProject/Content/Materials/Masters/Default/M_Base_Master.uexp" 483
"C:/Users/dandk/Documents/GitHub/Repositories/FPSProject/Content/Environment/Meshes/ColorfulSphere/Materials/MI_ColorfulSphere.uasset" 484
"C:/Users/dandk/Documents/GitHub/Repositories/FPSProject/Content/Environment/Meshes/ColorfulSphere/Materials/MI_ColorfulSphere.uexp" 485
"C:/Users/dandk/Documents/GitHub/Repositories/FPSProject/Content/Environment/Meshes/ColorfulSphere/Meshes/SM_ColorfulSphere.uasset" 486
"C:/Users/dandk/Documents/GitHub/Repositories/FPSProject/Content/Environment/Meshes/ColorfulSphere/Meshes/SM_ColorfulSphere.uexp" 487
"../../../Engine/Plugins/FX/Niagara/Content/VectorFields/Assets/TilingCurl32.uasset" 488
"../../../Engine/Plugins/FX/Niagara/Content/VectorFields/Assets/TilingCurl32.uexp" 489
"../../../Engine/Plugins/FX/Niagara/Content/Enums/Ribbons/ENiagara_UnsetDirectSetRandom.uasset" 490
"../../../Engine/Plugins/FX/Niagara/Content/Enums/Ribbons/ENiagara_UnsetDirectSetRandom.uexp" 491
"../../../Engine/Plugins/FX/Niagara/Content/Enums/ENiagaraSystemInactiveMode.uasset" 492
"../../../Engine/Plugins/FX/Niagara/Content/Enums/ENiagaraSystemInactiveMode.uexp" 493
"../../../Engine/Plugins/FX/Niagara/Content/Enums/ENiagaraSphereDistributionMode.uasset" 494
"../../../Engine/Plugins/FX/Niagara/Content/Enums/ENiagaraSphereDistributionMode.uexp" 495
"../../../Engine/Plugins/FX/Niagara/Content/Enums/ENiagaraScaleColorMode.uasset" 496
"../../../Engine/Plugins/FX/Niagara/Content/Enums/ENiagaraScaleColorMode.uexp" 497
"../../../Engine/Plugins/FX/Niagara/Content/Enums/ENiagaraRandomnessMode.uasset" 498
"../../../Engine/Plugins/FX/Niagara/Content/Enums/ENiagaraRandomnessMode.uexp" 499
"../../../Engine/Plugins/FX/Niagara/Content/Enums/ENiagaraRandomnessEvaluation.uasset" 500
"../../../Engine/Plugins/FX/Niagara/Content/Enums/ENiagaraRandomnessEvaluation.uexp" 501
"../../../Engine/Plugins/FX/Niagara/Content/Enums/ENiagaraInactiveMode.uasset" 502
"../../../Engine/Plugins/FX/Niagara/Content/Enums/ENiagaraInactiveMode.uexp" 503
"../../../Engine/Plugins/FX/Niagara/Content/Enums/ENiagaraExpansionMode.uasset" 504
"../../../Engine/Plugins/FX/Niagara/Content/Enums/ENiagaraExpansionMode.uexp" 505
"../../../Engine/Plugins/FX/Niagara/Content/Enums/ENiagaraEmitterScalabilityMode_Limited.uasset" 506
"../../../Engine/Plugins/FX/Niagara/Content/Enums/ENiagaraEmitterScalabilityMode_Limited.uexp" 507
"../../../Engine/Plugins/FX/Niagara/Content/Enums/ENiagaraEmitterLifeCycleMode.uasset" 508
"../../../Engine/Plugins/FX/Niagara/Content/Enums/ENiagaraEmitterLifeCycleMode.uexp" 509
"../../../Engine/Plugins/FX/Niagara/Content/Enums/ENiagaraCurlNoiseQuality.uasset" 510
"../../../Engine/Plugins/FX/Niagara/Content/Enums/ENiagaraCurlNoiseQuality.uexp" 511
"../../../Engine/Plugins/FX/Niagara/Content/Enums/ENiagaraChannelCorrelation.uasset" 512
"../../../Engine/Plugins/FX/Niagara/Content/Enums/ENiagaraChannelCorrelation.uexp" 513
"../../../Engine/Plugins/FX/Niagara/Content/Enums/ENiagara_UVFlippingMode.uasset" 514
"../../../Engine/Plugins/FX/Niagara/Content/Enums/ENiagara_UVFlippingMode.uexp" 515
"../../../Engine/Plugins/FX/Niagara/Content/Enums/ENiagara_SpriteRotationMode.uasset" 516
"../../../Engine/Plugins/FX/Niagara/Content/Enums/ENiagara_SpriteRotationMode.uexp" 517
"../../../Engine/Plugins/FX/Niagara/Content/Enums/ENiagara_SizeScaleMode.uasset" 518
"../../../Engine/Plugins/FX/Niagara/Content/Enums/ENiagara_SizeScaleMode.uexp" 519
"../../../Engine/Plugins/FX/Niagara/Content/Enums/ENiagara_MassInitializationMode.uasset" 520
"../../../Engine/Plugins/FX/Niagara/Content/Enums/ENiagara_MassInitializationMode.uexp" 521
"../../../Engine/Plugins/FX/Niagara/Content/Enums/ENiagara_LifetimeMode.uasset" 522
"../../../Engine/Plugins/FX/Niagara/Content/Enums/ENiagara_LifetimeMode.uexp" 523
"../../../Engine/Plugins/FX/Niagara/Content/Enums/ENiagara_InfiniteLoopDuration.uasset" 524
"../../../Engine/Plugins/FX/Niagara/Content/Enums/ENiagara_InfiniteLoopDuration.uexp" 525
"../../../Engine/Plugins/FX/Niagara/Content/Enums/ENiagara_EmitterStateOptions.uasset" 526
"../../../Engine/Plugins/FX/Niagara/Content/Enums/ENiagara_EmitterStateOptions.uexp" 527
"../../../Engine/Plugins/FX/Niagara/Content/Enums/ENiagara_ColorInitializationMode.uasset" 528
"../../../Engine/Plugins/FX/Niagara/Content/Enums/ENiagara_ColorInitializationMode.uexp" 529
"../../../Engine/Plugins/FX/Niagara/Content/Enums/SpriteRenderer/ENiagara_ScaleSpriteSize.uasset" 530
"../../../Engine/Plugins/FX/Niagara/Content/Enums/SpriteRenderer/ENiagara_ScaleSpriteSize.uexp" 531
"../../../Engine/Plugins/FX/Niagara/Content/Modules/Update/Size/ScaleSpriteSize.uasset" 532
"../../../Engine/Plugins/FX/Niagara/Content/Modules/Update/Size/ScaleSpriteSize.uexp" 533
"../../../Engine/Plugins/FX/Niagara/Content/Modules/Update/Lifetime/ParticleState.uasset" 534
"../../../Engine/Plugins/FX/Niagara/Content/Modules/Update/Lifetime/ParticleState.uexp" 535
"../../../Engine/Plugins/FX/Niagara/Content/VectorFields/Assets/TilingCurl64.uasset" 536
"../../../Engine/Plugins/FX/Niagara/Content/VectorFields/Assets/TilingCurl64.uexp" 537
"../../../Engine/Plugins/FX/Niagara/Content/VectorFields/Assets/TilingCurl16.uasset" 538
"../../../Engine/Plugins/FX/Niagara/Content/VectorFields/Assets/TilingCurl16.uexp" 539
"../../../Engine/Plugins/FX/Niagara/Content/Functions/DirectionAndLengthSafe.uasset" 540
"../../../Engine/Plugins/FX/Niagara/Content/Functions/DirectionAndLengthSafe.uexp" 541
"../../../Engine/Plugins/FX/Niagara/Content/Functions/Localspace/SimulationPosition.uasset" 542
"../../../Engine/Plugins/FX/Niagara/Content/Functions/Localspace/SimulationPosition.uexp" 543
"../../../Engine/Plugins/FX/Niagara/Content/Functions/Localspace/TransformBase.uasset" 544
"../../../Engine/Plugins/FX/Niagara/Content/Functions/Localspace/TransformBase.uexp" 545
"../../../Engine/Plugins/FX/Niagara/Content/Functions/Localspace/TransformPosition.uasset" 546
"../../../Engine/Plugins/FX/Niagara/Content/Functions/Localspace/TransformPosition.uexp" 547
"../../../Engine/Plugins/FX/Niagara/Content/Functions/Localspace/TransformVector.uasset" 548
"../../../Engine/Plugins/FX/Niagara/Content/Functions/Localspace/TransformVector.uexp" 549
"../../../Engine/Plugins/FX/Niagara/Content/Functions/FindAngleBetweenVectors.uasset" 550
"../../../Engine/Plugins/FX/Niagara/Content/Functions/FindAngleBetweenVectors.uexp" 551
"../../../Engine/Plugins/FX/Niagara/Content/Functions/V2/RemapRange.uasset" 552
"../../../Engine/Plugins/FX/Niagara/Content/Functions/V2/RemapRange.uexp" 553
"../../../Engine/Plugins/FX/Niagara/Content/Functions/V2/ConeMask.uasset" 554
"../../../Engine/Plugins/FX/Niagara/Content/Functions/V2/ConeMask.uexp" 555
"../../../Engine/Plugins/FX/Niagara/Content/Modules/Update/Forces/V2/CurlNoiseForce.uasset" 556
"../../../Engine/Plugins/FX/Niagara/Content/Modules/Update/Forces/V2/CurlNoiseForce.uexp" 557
"../../../Engine/Plugins/FX/Niagara/Content/Modules/Update/Forces/Drag.uasset" 558
"../../../Engine/Plugins/FX/Niagara/Content/Modules/Update/Forces/Drag.uexp" 559
"../../../Engine/Plugins/FX/Niagara/Content/Modules/Update/Color/ScaleColor.uasset" 560
"../../../Engine/Plugins/FX/Niagara/Content/Modules/Update/Color/ScaleColor.uexp" 561
"../../../Engine/Plugins/FX/Niagara/Content/Functions/System/SystemChangeState.uasset" 562
"../../../Engine/Plugins/FX/Niagara/Content/Functions/System/SystemChangeState.uexp" 563
"../../../Engine/Plugins/FX/Niagara/Content/Modules/System/SystemState.uasset" 564
"../../../Engine/Plugins/FX/Niagara/Content/Modules/System/SystemState.uexp" 565
"../../../Engine/Plugins/FX/Niagara/Content/Functions/V2/CalculateRandomRange.uasset" 566
"../../../Engine/Plugins/FX/Niagara/Content/Functions/V2/CalculateRandomRange.uexp" 567
"../../../Engine/Plugins/FX/Niagara/Content/Functions/V2/CalculateRandomPointInSphere.uasset" 568
"../../../Engine/Plugins/FX/Niagara/Content/Functions/V2/CalculateRandomPointInSphere.uexp" 569
"../../../Engine/Plugins/FX/Niagara/Content/Functions/SphericalToCartesianCoordinates.uasset" 570
"../../../Engine/Plugins/FX/Niagara/Content/Functions/SphericalToCartesianCoordinates.uexp" 571
"../../../Engine/Plugins/FX/Niagara/Content/Functions/Rotation/MultiplyVectorWithQuaternion.uasset" 572
"../../../Engine/Plugins/FX/Niagara/Content/Functions/Rotation/MultiplyVectorWithQuaternion.uexp" 573
"../../../Engine/Plugins/FX/Niagara/Content/Functions/Rotation/FindQuatBetween.uasset" 574
"../../../Engine/Plugins/FX/Niagara/Content/Functions/Rotation/FindQuatBetween.uexp" 575
"../../../Engine/Plugins/FX/Niagara/Content/Modules/Spawn/Location/V2/SphereLocation.uasset" 576
"../../../Engine/Plugins/FX/Niagara/Content/Modules/Spawn/Location/V2/SphereLocation.uexp" 577
"../../../Engine/Plugins/FX/Niagara/Content/Functions/GetRandomInfo.uasset" 578
"../../../Engine/Plugins/FX/Niagara/Content/Functions/GetRandomInfo.uexp" 579
"../../../Engine/Plugins/FX/Niagara/Content/Functions/RandomRangeFloat.uasset" 580
"../../../Engine/Plugins/FX/Niagara/Content/Functions/RandomRangeFloat.uexp" 581
"../../../Engine/Plugins/FX/Niagara/Content/Functions/RandomPointInBox.uasset" 582
"../../../Engine/Plugins/FX/Niagara/Content/Functions/RandomPointInBox.uexp" 583
"../../../Engine/Plugins/FX/Niagara/Content/Functions/IsolateLongestVectorComponent.uasset" 584
"../../../Engine/Plugins/FX/Niagara/Content/Functions/IsolateLongestVectorComponent.uexp" 585
"../../../Engine/Plugins/FX/Niagara/Content/Functions/Rotation/RotateAngleOnAxis.uasset" 586
"../../../Engine/Plugins/FX/Niagara/Content/Functions/Rotation/RotateAngleOnAxis.uexp" 587
"../../../Engine/Plugins/FX/Niagara/Content/Modules/Spawn/Location/BoxLocation.uasset" 588
"../../../Engine/Plugins/FX/Niagara/Content/Modules/Spawn/Location/BoxLocation.uexp" 589
"../../../Engine/Plugins/FX/Niagara/Content/Functions/V2/CalculateRandomRangeInteger.uasset" 590
"../../../Engine/Plugins/FX/Niagara/Content/Functions/V2/CalculateRandomRangeInteger.uexp" 591
"../../../Engine/Plugins/FX/Niagara/Content/Functions/V2/CalculateRandomBool.uasset" 592
"../../../Engine/Plugins/FX/Niagara/Content/Functions/V2/CalculateRandomBool.uexp" 593
"../../../Engine/Plugins/FX/Niagara/Content/Functions/V2/CalculateRandomRangeFloat.uasset" 594
"../../../Engine/Plugins/FX/Niagara/Content/Functions/V2/CalculateRandomRangeFloat.uexp" 595
"../../../Engine/Plugins/FX/Niagara/Content/Functions/LinearColor/HueShiftLinearColor.uasset" 596
"../../../Engine/Plugins/FX/Niagara/Content/Functions/LinearColor/HueShiftLinearColor.uexp" 597
"../../../Engine/Plugins/FX/Niagara/Content/Enums/ENiagara_PositionInitializationMode.uasset" 598
"../../../Engine/Plugins/FX/Niagara/Content/Enums/ENiagara_PositionInitializationMode.uexp" 599
"../../../Engine/Plugins/FX/Niagara/Content/Modules/Spawn/Initialization/V2/InitializeParticle.uasset" 600
"../../../Engine/Plugins/FX/Niagara/Content/Modules/Spawn/Initialization/V2/InitializeParticle.uexp" 601
"../../../Engine/Plugins/FX/Niagara/Content/Modules/Solvers/SolveForcesAndVelocity.uasset" 602
"../../../Engine/Plugins/FX/Niagara/Content/Modules/Solvers/SolveForcesAndVelocity.uexp" 603
"../../../Engine/Plugins/FX/Niagara/Content/Modules/Emitter/SpawnRate.uasset" 604
"../../../Engine/Plugins/FX/Niagara/Content/Modules/Emitter/SpawnRate.uexp" 605
"../../../Engine/Plugins/FX/Niagara/Content/Functions/Emitter/EmitterChangeState.uasset" 606
"../../../Engine/Plugins/FX/Niagara/Content/Functions/Emitter/EmitterChangeState.uexp" 607
"../../../Engine/Plugins/FX/Niagara/Content/Enums/ENiagaraExecutionStateManagement.uasset" 608
"../../../Engine/Plugins/FX/Niagara/Content/Enums/ENiagaraExecutionStateManagement.uexp" 609
"../../../Engine/Plugins/FX/Niagara/Content/Modules/Emitter/EmitterState.uasset" 610
"../../../Engine/Plugins/FX/Niagara/Content/Modules/Emitter/EmitterState.uexp" 611
"../../../Engine/Plugins/FX/Niagara/Content/DynamicInputs/ValueFromCurve/FloatFromCurve.uasset" 612
"../../../Engine/Plugins/FX/Niagara/Content/DynamicInputs/ValueFromCurve/FloatFromCurve.uexp" 613
"../../../Engine/Plugins/FX/Niagara/Content/DynamicInputs/UniformRange/V2/RandomRangeFloat.uasset" 614
"../../../Engine/Plugins/FX/Niagara/Content/DynamicInputs/UniformRange/V2/RandomRangeFloat.uexp" 615
"../../../Engine/Plugins/FX/Niagara/Content/DynamicInputs/TypeConversions/Vector2DFromFloat.uasset" 616
"../../../Engine/Plugins/FX/Niagara/Content/DynamicInputs/TypeConversions/Vector2DFromFloat.uexp" 617
"../../../Engine/Content/Functions/Engine_MaterialFunctions01/Density/ExponentialDensity.uasset" 618
"../../../Engine/Content/Functions/Engine_MaterialFunctions01/Density/ExponentialDensity.uexp" 619
"../../../Engine/Content/Functions/Engine_MaterialFunctions01/Gradient/RadialGradientExponential.uasset" 620
"../../../Engine/Content/Functions/Engine_MaterialFunctions01/Gradient/RadialGradientExponential.uexp" 621
"C:/Users/dandk/Documents/GitHub/Repositories/FPSProject/Content/Materials/Masters/Effects/M_ParticleDefault_01_Master.uasset" 622
"C:/Users/dandk/Documents/GitHub/Repositories/FPSProject/Content/Materials/Masters/Effects/M_ParticleDefault_01_Master.uexp" 623
"C:/Users/dandk/Documents/GitHub/Repositories/FPSProject/Content/Effects/Particles/Niagara/FallingLights/MI_FallingLights.uasset" 624
"C:/Users/dandk/Documents/GitHub/Repositories/FPSProject/Content/Effects/Particles/Niagara/FallingLights/MI_FallingLights.uexp" 625
"C:/Users/dandk/Documents/GitHub/Repositories/FPSProject/Content/Effects/Particles/Niagara/FallingLights/PS_FallingLights.uasset" 626
"C:/Users/dandk/Documents/GitHub/Repositories/FPSProject/Content/Effects/Particles/Niagara/FallingLights/PS_FallingLights.uexp" 627
"C:/Users/dandk/Documents/GitHub/Repositories/FPSProject/Content/Blueprints/World/Objects/BP_BaseObject.uasset" 628
"C:/Users/dandk/Documents/GitHub/Repositories/FPSProject/Content/Blueprints/World/Objects/BP_BaseObject.uexp" 629
"C:/Users/dandk/Documents/GitHub/Repositories/FPSProject/Content/Blueprints/World/Objects/BP_Cannon.uasset" 630
"C:/Users/dandk/Documents/GitHub/Repositories/FPSProject/Content/Blueprints/World/Objects/BP_Cannon.uexp" 631
"C:/Users/dandk/Documents/GitHub/Repositories/FPSProject/Content/Environment/Meshes/PressurePlate/Textures/T_PressurePlate_N.uasset" 632
"C:/Users/dandk/Documents/GitHub/Repositories/FPSProject/Content/Environment/Meshes/PressurePlate/Textures/T_PressurePlate_N.uexp" 633
"C:/Users/dandk/Documents/GitHub/Repositories/FPSProject/Content/Environment/Meshes/PressurePlate/Textures/T_PressurePlate_N.ubulk" 634
"C:/Users/dandk/Documents/GitHub/Repositories/FPSProject/Content/Environment/Meshes/PressurePlate/Textures/T_PressurePlate_MRA.uasset" 635
"C:/Users/dandk/Documents/GitHub/Repositories/FPSProject/Content/Environment/Meshes/PressurePlate/Textures/T_PressurePlate_MRA.uexp" 636
"C:/Users/dandk/Documents/GitHub/Repositories/FPSProject/Content/Environment/Meshes/PressurePlate/Textures/T_PressurePlate_MRA.ubulk" 637
"C:/Users/dandk/Documents/GitHub/Repositories/FPSProject/Content/Environment/Meshes/PressurePlate/Textures/T_PressurePlate_D.uasset" 638
"C:/Users/dandk/Documents/GitHub/Repositories/FPSProject/Content/Environment/Meshes/PressurePlate/Textures/T_PressurePlate_D.uexp" 639
"C:/Users/dandk/Documents/GitHub/Repositories/FPSProject/Content/Environment/Meshes/PressurePlate/Textures/T_PressurePlate_D.ubulk" 640
"C:/Users/dandk/Documents/GitHub/Repositories/FPSProject/Content/Environment/Meshes/PressurePlate/Materials/MI_PressurePlate.uasset" 641
"C:/Users/dandk/Documents/GitHub/Repositories/FPSProject/Content/Environment/Meshes/PressurePlate/Materials/MI_PressurePlate.uexp" 642
"C:/Users/dandk/Documents/GitHub/Repositories/FPSProject/Content/Environment/Meshes/PressurePlate/Meshes/SM_PressurePlate_Top.uasset" 643
"C:/Users/dandk/Documents/GitHub/Repositories/FPSProject/Content/Environment/Meshes/PressurePlate/Meshes/SM_PressurePlate_Top.uexp" 644
"C:/Users/dandk/Documents/GitHub/Repositories/FPSProject/Content/Environment/Meshes/PressurePlate/Meshes/SM_PressurePlate_Base.uasset" 645
"C:/Users/dandk/Documents/GitHub/Repositories/FPSProject/Content/Environment/Meshes/PressurePlate/Meshes/SM_PressurePlate_Base.uexp" 646
"C:/Users/dandk/Documents/GitHub/Repositories/FPSProject/Content/Blueprints/Components/BP_ElectricComponent.uasset" 647
"C:/Users/dandk/Documents/GitHub/Repositories/FPSProject/Content/Blueprints/Components/BP_ElectricComponent.uexp" 648
"C:/Users/dandk/Documents/GitHub/Repositories/FPSProject/Content/Blueprints/World/Electric/PressurePlate/BP_PressurePlate.uasset" 649
"C:/Users/dandk/Documents/GitHub/Repositories/FPSProject/Content/Blueprints/World/Electric/PressurePlate/BP_PressurePlate.uexp" 650
"C:/Users/dandk/Documents/GitHub/Repositories/FPSProject/Content/Blueprints/World/Electric/BP_Electric_Light.uasset" 651
"C:/Users/dandk/Documents/GitHub/Repositories/FPSProject/Content/Blueprints/World/Electric/BP_Electric_Light.uexp" 652
"C:/Users/dandk/Documents/GitHub/Repositories/FPSProject/Content/Levels/TestLevels/LVL_TestLevel_01.uexp" 653
"C:/Users/dandk/Documents/GitHub/Repositories/FPSProject/Content/Levels/TestLevels/LVL_TestLevel_01.umap" 654
"../../../Engine/Content/Maps/Entry_BuiltData.uasset" 655
"../../../Engine/Content/Maps/Entry_BuiltData.uexp" 656
"../../../Engine/Content/Maps/Entry.uexp" 657
"../../../Engine/Content/Maps/Entry.umap" 658
